before:  7
after:  7
before:  9
after:  9
before:  12
after:  12
before:  15
after:  15
before:  16
after:  16
before:  17
after:  17
destroy:  7
destroy:  9
destroy:  12
destroy:  15
destroy:  16
destroy:  17
before:  7
after:  7
before:  9
after:  9
before:  12
after:  12
before:  15
after:  15
before:  16
after:  16
before:  17
after:  17
destroy:  7
destroy:  9
destroy:  12
destroy:  15
destroy:  16
destroy:  17
before:  7
after:  7
before:  9
after:  9
before:  12
after:  12
before:  30
after:  30
before:  22
after:  22
before:  31
after:  31
before:  32
after:  32
destroy:  7
destroy:  9
destroy:  12
destroy:  30
destroy:  31
destroy:  32
before:  16
after:  16
destroy:  16
before:  18
after:  18
destroy:  18
before:  33
after:  33
before:  34
after:  34
destroy:  17
destroy:  34
destroy:  33
before:  15
after:  15
before:  36
after:  36
destroy:  15
destroy:  36
before:  38
after:  38
before:  40
after:  40
before:  42
after:  42
before:  43
after:  43
destroy:  37
destroy:  39
destroy:  40
destroy:  42
destroy:  43
destroy:  38
before:  35
after:  35
before:  46
after:  46
before:  47
after:  47
before:  48
after:  48
before:  49
after:  49
before:  21
after:  21
before:  10
after:  10
before:  23
after:  23
before:  24
after:  24
before:  25
after:  25
before:  26
after:  26
before:  51
after:  51
before:  52
after:  52
before:  53
after:  53
before:  54
after:  54
before:  55
after:  55
before:  56
after:  56
before:  57
after:  57
destroy:  41
destroy:  19
destroy:  45
destroy:  46
destroy:  47
destroy:  48
destroy:  49
destroy:  51
destroy:  52
destroy:  53
destroy:  54
destroy:  55
destroy:  56
destroy:  57
before:  50
after:  50
before:  58
after:  58
destroy:  50
destroy:  58
before:  35
after:  35
before:  59
after:  59
before:  60
after:  60
before:  61
after:  61
destroy:  44
destroy:  59
destroy:  60
destroy:  61
before:  35
after:  35
destroy:  35
destroy:  10
destroy:  11
destroy:  13
destroy:  20
destroy:  21
destroy:  22
destroy:  23
destroy:  24
destroy:  26
destroy:  27
